<?xml version="1.0" encoding="UTF-8"?>
<!-- Generated by org.testng.reporters.JUnitReportReporter -->
<testsuite hostname="DESKTOP-H01E814" failures="0" tests="2" name="QaclickAcademy.SeleniumTest" time="0.020" errors="0" timestamp="2021-01-01T22:11:44 CST" skipped="0">
  <testcase classname="QaclickAcademy.SeleniumTest" name="test" time="0.016"/>
  <system-out/>
  <testcase classname="QaclickAcademy.SeleniumTest" name="test1" time="0.004"/>
  <system-out/>
</testsuite> <!-- QaclickAcademy.SeleniumTest -->
