<?xml version="1.0" encoding="UTF-8"?>
<!-- Generated by org.testng.reporters.JUnitReportReporter -->
<testsuite hostname="DESKTOP-H01E814" failures="0" tests="2" name="QaclickAcademy.SeleniumTest" time="0.028" errors="0" timestamp="2021-01-07T13:24:35 CST" skipped="0">
  <testcase classname="QaclickAcademy.SeleniumTest" name="test" time="0.000"/>
  <system-out/>
  <testcase classname="QaclickAcademy.SeleniumTest" name="test1" time="0.028"/>
  <system-out/>
</testsuite> <!-- QaclickAcademy.SeleniumTest -->
